1 2020-01-01 14:35:54 0001 <= some .
2 2020-01-01 14:35:55 0002 => some_address@mail.ru .
3 2020-01-01 14:35:56 0003 -> some_address@mail.ru . 
4 2020-01-01 14:35:57 0004 == some_address@mail.ru . 
5 2020-01-01 14:35:58 0005 ** some_address@mail.ru . 
6 2020-01-01 14:35:59 0006 . . info 
7 2020-01-02 14:35:54 0007 <= some_address@mail.ru .
8 2020-01-02 14:35:55 0008 => some_address@mail.ru .
9 2020-01-02 14:35:56 0009 -> some_address@mail.ru .
10 2020-01-02 14:35:57 0010 == some_address@mail.ru .
11 2020-01-02 14:35:58 0011 ** some_address@mail.ru .
12 2020-01-02 14:35:59 0012 . . info 
13 2020-01-03 14:35:54 0013 <= some_address@mail.ru .
14 2020-01-03 14:35:55 0014 => some_address@mail.ru .
15 2020-01-03 14:35:56 0015 -> some_address@mail.ru .
16 2020-01-03 14:35:57 0016 == some_address@mail.ru .
17 2020-01-03 14:35:58 0017 ** some_address@mail.ru .
18 2020-01-03 14:35:59 0018 . . info 
19 2020-02-01 14:35:54 0019 <= some_address@mail.ru .
20 2020-02-01 14:35:55 0020 => some_address@mail.ru .
21 2020-02-01 14:35:56 0021 -> some_address@mail.ru .
22 2020-02-01 14:35:57 0022 == some_address@mail.ru .
23 2020-02-01 14:35:58 0023 ** some_address@mail.ru .
24 2020-02-01 14:35:59 0024 . . info 
25 2020-03-01 14:35:54 0025 <= some_address@mail.ru .
26 2020-03-01 14:35:55 0026 => some_address@mail.ru .
27 2020-03-01 14:35:56 0027 -> some_address@mail.ru .
28 2020-03-01 14:35:57 0028 == some_address@mail.ru .
29 2020-03-01 14:35:58 0029 ** some_address@mail.ru .
30 2020-03-01 14:35:59 0030 . . info 
31 2021-01-01 14:35:54 0031 <= some_address@mail.ru .
32 2021-01-01 14:35:55 0032 => some_address@mail.ru .
33 2021-01-01 14:35:56 0033 -> some_address@mail.ru .
34 2021-01-01 14:35:57 0034 == some_address@mail.ru .
35 2021-01-01 14:35:58 0035 ** some_address@mail.ru .
36 2021-01-01 14:35:59 0036 . . info